[8363.165 (CEST,GMT+2) 2012-08-23 12:19:16.961 'Europe/Helsinki'] [qemu-arm-sb,15589] NOTICE: time daemon started; debug_flags: timed=0, qmlog=0; syslog-level: 7 /var/log-level: 7 isatty(2)=0
[8363.180 (CEST,GMT+2) 2012-08-23 12:19:16.976 'Europe/Helsinki'] [qemu-arm-sb,15589] NOTICE: image_type=''
[8363.222 (CEST,GMT+2) 2012-08-23 12:19:17.018 'Europe/Helsinki'] [qemu-arm-sb,15589] DEBUG: at timed.cpp:93 in Timed::Timed(int, char**)
[8363.222 (CEST,GMT+2) 2012-08-23 12:19:17.018 'Europe/Helsinki'] [timed(sb),15589] INFO at timed.cpp:200 in void Timed::init_scratchbox_mode():
[8363.222 (CEST,GMT+2) 2012-08-23 12:19:17.018 'Europe/Helsinki'] [timed(sb),15589] -- SCRATCHBOX detected
[8363.223 (CEST,GMT+2) 2012-08-23 12:19:17.018 'Europe/Helsinki'] [timed(sb),15589] DEBUG: at timed.cpp:96 in Timed::Timed(int, char**)
[8363.225 (CEST,GMT+2) 2012-08-23 12:19:17.021 'Europe/Helsinki'] [timed(sb),15589] DEBUG: at timed.cpp:99 in Timed::Timed(int, char**)
[8363.225 (CEST,GMT+2) 2012-08-23 12:19:17.021 'Europe/Helsinki'] [timed(sb),15589] DEBUG: at timed.cpp:102 in Timed::Timed(int, char**)
[8363.225 (CEST,GMT+2) 2012-08-23 12:19:17.021 'Europe/Helsinki'] [timed(sb),15589] DEBUG: at timed.cpp:106 in Timed::Timed(int, char**)
[8363.230 (CEST,GMT+2) 2012-08-23 12:19:17.026 'Europe/Helsinki'] [timed(sb),15589] DEBUG: at storage.cpp:118 in iodata::record* iodata::storage::load()
[8363.231 (CEST,GMT+2) 2012-08-23 12:19:17.027 'Europe/Helsinki'] [timed(sb),15589] DEBUG: at storage.cpp:120 in iodata::record* iodata::storage::load()
[8363.231 (CEST,GMT+2) 2012-08-23 12:19:17.027 'Europe/Helsinki'] [timed(sb),15589] INFO at storage.cpp:133 in iodata::record* iodata::storage::load():
[8363.231 (CEST,GMT+2) 2012-08-23 12:19:17.027 'Europe/Helsinki'] [timed(sb),15589] -- read data from '/etc/timed.rc'
[8363.232 (CEST,GMT+2) 2012-08-23 12:19:17.028 'Europe/Helsinki'] [timed(sb),15589] INFO at timed.cpp:364 in void Timed::init_configuration():
[8363.232 (CEST,GMT+2) 2012-08-23 12:19:17.028 'Europe/Helsinki'] [timed(sb),15589] -- configuration loaded from '/etc/timed.rc'
[8363.232 (CEST,GMT+2) 2012-08-23 12:19:17.028 'Europe/Helsinki'] [timed(sb),15589] DEBUG at timed.cpp:375 in void Timed::init_configuration():
[8363.232 (CEST,GMT+2) 2012-08-23 12:19:17.028 'Europe/Helsinki'] [timed(sb),15589] -- deleting iodata::record *c
[8363.233 (CEST,GMT+2) 2012-08-23 12:19:17.029 'Europe/Helsinki'] [timed(sb),15589] DEBUG at timed.cpp:377 in void Timed::init_configuration():
[8363.233 (CEST,GMT+2) 2012-08-23 12:19:17.029 'Europe/Helsinki'] [timed(sb),15589] -- deleting config_storage
[8363.233 (CEST,GMT+2) 2012-08-23 12:19:17.029 'Europe/Helsinki'] [timed(sb),15589] DEBUG at timed.cpp:379 in void Timed::init_configuration():
[8363.233 (CEST,GMT+2) 2012-08-23 12:19:17.029 'Europe/Helsinki'] [timed(sb),15589] -- done
[8363.233 (CEST,GMT+2) 2012-08-23 12:19:17.029 'Europe/Helsinki'] [timed(sb),15589] DEBUG: at timed.cpp:109 in Timed::Timed(int, char**)
[8363.238 (CEST,GMT+2) 2012-08-23 12:19:17.033 'Europe/Helsinki'] [timed(sb),15589] WARNING: can't read '/usr/share/timed/customization.data': No such file or directory
[8363.238 (CEST,GMT+2) 2012-08-23 12:19:17.034 'Europe/Helsinki'] [timed(sb),15589] INFO at storage.cpp:161 in iodata::record* iodata::storage::load():
[8363.238 (CEST,GMT+2) 2012-08-23 12:19:17.034 'Europe/Helsinki'] [timed(sb),15589] -- using default values for data in '/usr/share/timed/customization.data'
[8363.238 (CEST,GMT+2) 2012-08-23 12:19:17.034 'Europe/Helsinki'] [timed(sb),15589] WARNING: customization file '/usr/share/timed/customization.data' corrupted or non-existing, using default values
[8363.239 (CEST,GMT+2) 2012-08-23 12:19:17.035 'Europe/Helsinki'] [timed(sb),15589] DEBUG: at timed.cpp:112 in Timed::Timed(int, char**)
[8363.241 (CEST,GMT+2) 2012-08-23 12:19:17.037 'Europe/Helsinki'] [timed(sb),15589] WARNING: can't read '/var/cache/timed/settings.data': No such file or directory
[8363.242 (CEST,GMT+2) 2012-08-23 12:19:17.038 'Europe/Helsinki'] [timed(sb),15589] WARNING: can't read '/var/cache/timed/settings.data.bak': No such file or directory
[8363.242 (CEST,GMT+2) 2012-08-23 12:19:17.038 'Europe/Helsinki'] [timed(sb),15589] INFO at storage.cpp:161 in iodata::record* iodata::storage::load():
[8363.242 (CEST,GMT+2) 2012-08-23 12:19:17.038 'Europe/Helsinki'] [timed(sb),15589] -- using default values for data in '/var/cache/timed/settings.data'
[8363.243 (CEST,GMT+2) 2012-08-23 12:19:17.039 'Europe/Helsinki'] [timed(sb),15589] DEBUG: at settings.cpp:94 in source_settings::source_settings(Timed*)
[8363.245 (CEST,GMT+2) 2012-08-23 12:19:17.041 'Europe/Helsinki'] [timed(sb),15589] DEBUG: at settings.cpp:138 in void source_settings::load(const iodata::record*, const std::string&)
[8363.246 (CEST,GMT+2) 2012-08-23 12:19:17.041 'Europe/Helsinki'] [timed(sb),15589] DEBUG at settings.cpp:139 in void source_settings::load(const iodata::record*, const std::string&):
[8363.246 (CEST,GMT+2) 2012-08-23 12:19:17.041 'Europe/Helsinki'] [timed(sb),15589] -- CUST time_nitz: 1
[8363.246 (CEST,GMT+2) 2012-08-23 12:19:17.042 'Europe/Helsinki'] [timed(sb),15589] DEBUG at settings.cpp:140 in void source_settings::load(const iodata::record*, const std::string&):
[8363.246 (CEST,GMT+2) 2012-08-23 12:19:17.042 'Europe/Helsinki'] [timed(sb),15589] -- CUST format_24: 1
[8363.246 (CEST,GMT+2) 2012-08-23 12:19:17.042 'Europe/Helsinki'] [timed(sb),15589] DEBUG at settings.cpp:147 in void source_settings::load(const iodata::record*, const std::string&):
[8363.246 (CEST,GMT+2) 2012-08-23 12:19:17.042 'Europe/Helsinki'] [timed(sb),15589] -- alarms_are_enabled := alarms == 1
[8363.247 (CEST,GMT+2) 2012-08-23 12:19:17.042 'Europe/Helsinki'] [timed(sb),15589] DEBUG at settings.cpp:150 in void source_settings::load(const iodata::record*, const std::string&):
[8363.247 (CEST,GMT+2) 2012-08-23 12:19:17.042 'Europe/Helsinki'] [timed(sb),15589] -- it: 'cellular_zone'
[8363.247 (CEST,GMT+2) 2012-08-23 12:19:17.043 'Europe/Helsinki'] [timed(sb),15589] DEBUG: at settings.cpp:157 in void source_settings::load(const iodata::record*, const std::string&)
[8363.251 (CEST,GMT+2) 2012-08-23 12:19:17.047 'Europe/Helsinki'] [timed(sb),15589] DEBUG at settings.cpp:150 in void source_settings::load(const iodata::record*, const std::string&):
[8363.251 (CEST,GMT+2) 2012-08-23 12:19:17.047 'Europe/Helsinki'] [timed(sb),15589] -- it: 'gps_utc'
[8363.251 (CEST,GMT+2) 2012-08-23 12:19:17.047 'Europe/Helsinki'] [timed(sb),15589] DEBUG: at settings.cpp:157 in void source_settings::load(const iodata::record*, const std::string&)
[8363.252 (CEST,GMT+2) 2012-08-23 12:19:17.048 'Europe/Helsinki'] [timed(sb),15589] DEBUG at settings.cpp:150 in void source_settings::load(const iodata::record*, const std::string&):
[8363.252 (CEST,GMT+2) 2012-08-23 12:19:17.048 'Europe/Helsinki'] [timed(sb),15589] -- it: 'manual_offset'
[8363.252 (CEST,GMT+2) 2012-08-23 12:19:17.048 'Europe/Helsinki'] [timed(sb),15589] DEBUG: at settings.cpp:157 in void source_settings::load(const iodata::record*, const std::string&)
[8363.252 (CEST,GMT+2) 2012-08-23 12:19:17.048 'Europe/Helsinki'] [timed(sb),15589] DEBUG at settings.cpp:150 in void source_settings::load(const iodata::record*, const std::string&):
[8363.252 (CEST,GMT+2) 2012-08-23 12:19:17.048 'Europe/Helsinki'] [timed(sb),15589] -- it: 'manual_utc'
[8363.252 (CEST,GMT+2) 2012-08-23 12:19:17.048 'Europe/Helsinki'] [timed(sb),15589] DEBUG: at settings.cpp:157 in void source_settings::load(const iodata::record*, const std::string&)
[8363.253 (CEST,GMT+2) 2012-08-23 12:19:17.048 'Europe/Helsinki'] [timed(sb),15589] DEBUG at settings.cpp:150 in void source_settings::load(const iodata::record*, const std::string&):
[8363.253 (CEST,GMT+2) 2012-08-23 12:19:17.048 'Europe/Helsinki'] [timed(sb),15589] -- it: 'manual_zone'
[8363.253 (CEST,GMT+2) 2012-08-23 12:19:17.049 'Europe/Helsinki'] [timed(sb),15589] DEBUG: at settings.cpp:157 in void source_settings::load(const iodata::record*, const std::string&)
[8363.253 (CEST,GMT+2) 2012-08-23 12:19:17.049 'Europe/Helsinki'] [timed(sb),15589] DEBUG at settings.cpp:150 in void source_settings::load(const iodata::record*, const std::string&):
[8363.253 (CEST,GMT+2) 2012-08-23 12:19:17.049 'Europe/Helsinki'] [timed(sb),15589] -- it: 'nitz_offset'
[8363.253 (CEST,GMT+2) 2012-08-23 12:19:17.049 'Europe/Helsinki'] [timed(sb),15589] DEBUG: at settings.cpp:157 in void source_settings::load(const iodata::record*, const std::string&)
[8363.253 (CEST,GMT+2) 2012-08-23 12:19:17.049 'Europe/Helsinki'] [timed(sb),15589] DEBUG at settings.cpp:150 in void source_settings::load(const iodata::record*, const std::string&):
[8363.253 (CEST,GMT+2) 2012-08-23 12:19:17.049 'Europe/Helsinki'] [timed(sb),15589] -- it: 'nitz_utc'
[8363.254 (CEST,GMT+2) 2012-08-23 12:19:17.050 'Europe/Helsinki'] [timed(sb),15589] DEBUG: at settings.cpp:157 in void source_settings::load(const iodata::record*, const std::string&)
[8363.254 (CEST,GMT+2) 2012-08-23 12:19:17.050 'Europe/Helsinki'] [timed(sb),15589] DEBUG at settings.cpp:150 in void source_settings::load(const iodata::record*, const std::string&):
[8363.254 (CEST,GMT+2) 2012-08-23 12:19:17.050 'Europe/Helsinki'] [timed(sb),15589] -- it: 'ntp_utc'
[8363.254 (CEST,GMT+2) 2012-08-23 12:19:17.050 'Europe/Helsinki'] [timed(sb),15589] DEBUG: at settings.cpp:157 in void source_settings::load(const iodata::record*, const std::string&)
[8363.254 (CEST,GMT+2) 2012-08-23 12:19:17.050 'Europe/Helsinki'] [timed(sb),15589] DEBUG: at timed.cpp:115 in Timed::Timed(int, char**)
[8363.255 (CEST,GMT+2) 2012-08-23 12:19:17.051 'Europe/Helsinki'] [timed(sb),15589] DEBUG: at machine.cpp:41 in machine_t::machine_t(const Timed*)
[8363.271 (CEST,GMT+2) 2012-08-23 12:19:17.067 'Europe/Helsinki'] [timed(sb),15589] DEBUG: at machine.cpp:89 in machine_t::machine_t(const Timed*)
[8363.273 (CEST,GMT+2) 2012-08-23 12:19:17.069 'Europe/Helsinki'] [timed(sb),15589] DEBUG: at machine.cpp:93 in machine_t::machine_t(const Timed*)
[8363.274 (CEST,GMT+2) 2012-08-23 12:19:17.070 'Europe/Helsinki'] [timed(sb),15589] DEBUG: at machine.cpp:97 in machine_t::machine_t(const Timed*)
[8363.275 (CEST,GMT+2) 2012-08-23 12:19:17.071 'Europe/Helsinki'] [timed(sb),15589] DEBUG: at machine.cpp:104 in machine_t::machine_t(const Timed*)
[8363.275 (CEST,GMT+2) 2012-08-23 12:19:17.071 'Europe/Helsinki'] [timed(sb),15589] DEBUG: at state.cpp:159 in virtual void abstract_gate_state_t::open()
[8363.275 (CEST,GMT+2) 2012-08-23 12:19:17.071 'Europe/Helsinki'] [timed(sb),15589] DEBUG: at state.cpp:161 in virtual void abstract_gate_state_t::open()
[8363.276 (CEST,GMT+2) 2012-08-23 12:19:17.072 'Europe/Helsinki'] [timed(sb),15589] DEBUG at state.cpp:164 in virtual void abstract_gate_state_t::open():
[8363.276 (CEST,GMT+2) 2012-08-23 12:19:17.072 'Europe/Helsinki'] [timed(sb),15589] -- events.empty()=1
[8363.276 (CEST,GMT+2) 2012-08-23 12:19:17.072 'Europe/Helsinki'] [timed(sb),15589] DEBUG: at state.cpp:167 in virtual void abstract_gate_state_t::open()
[8363.277 (CEST,GMT+2) 2012-08-23 12:19:17.073 'Europe/Helsinki'] [timed(sb),15589] DEBUG: at machine.cpp:166 in machine_t::machine_t(const Timed*)
[8363.277 (CEST,GMT+2) 2012-08-23 12:19:17.073 'Europe/Helsinki'] [timed(sb),15589] DEBUG: at machine.cpp:168 in machine_t::machine_t(const Timed*)
[8363.286 (CEST,GMT+2) 2012-08-23 12:19:17.082 'Europe/Helsinki'] [timed(sb),15589] DEBUG at state.cpp:328 in void state_queued_t::engine_pause(int):
[8363.286 (CEST,GMT+2) 2012-08-23 12:19:17.082 'Europe/Helsinki'] [timed(sb),15589] -- dx=1, current pause value: '0', new value will be 1
[8363.286 (CEST,GMT+2) 2012-08-23 12:19:17.082 'Europe/Helsinki'] [timed(sb),15589] DEBUG: at machine.cpp:170 in machine_t::machine_t(const Timed*)
[8363.287 (CEST,GMT+2) 2012-08-23 12:19:17.083 'Europe/Helsinki'] [timed(sb),15589] DEBUG: at machine.cpp:173 in machine_t::machine_t(const Timed*)
[8363.287 (CEST,GMT+2) 2012-08-23 12:19:17.083 'Europe/Helsinki'] [timed(sb),15589] DEBUG: at machine.cpp:175 in machine_t::machine_t(const Timed*)
[8363.287 (CEST,GMT+2) 2012-08-23 12:19:17.083 'Europe/Helsinki'] [timed(sb),15589] DEBUG: at machine.cpp:178 in machine_t::machine_t(const Timed*)
[8363.288 (CEST,GMT+2) 2012-08-23 12:19:17.083 'Europe/Helsinki'] [timed(sb),15589] DEBUG: at machine.cpp:180 in machine_t::machine_t(const Timed*)
[8363.288 (CEST,GMT+2) 2012-08-23 12:19:17.084 'Europe/Helsinki'] [timed(sb),15589] DEBUG: at machine.cpp:182 in machine_t::machine_t(const Timed*)
[8363.288 (CEST,GMT+2) 2012-08-23 12:19:17.084 'Europe/Helsinki'] [timed(sb),15589] DEBUG at machine.cpp:184 in machine_t::machine_t(const Timed*):
[8363.288 (CEST,GMT+2) 2012-08-23 12:19:17.084 'Europe/Helsinki'] [timed(sb),15589] -- machine->settings->alarms_are_enabled=1
[8363.288 (CEST,GMT+2) 2012-08-23 12:19:17.084 'Europe/Helsinki'] [timed(sb),15589] DEBUG: at machine.cpp:185 in machine_t::machine_t(const Timed*)
[8363.288 (CEST,GMT+2) 2012-08-23 12:19:17.084 'Europe/Helsinki'] [timed(sb),15589] DEBUG: at state.cpp:159 in virtual void abstract_gate_state_t::open()
[8363.289 (CEST,GMT+2) 2012-08-23 12:19:17.085 'Europe/Helsinki'] [timed(sb),15589] DEBUG: at state.cpp:161 in virtual void abstract_gate_state_t::open()
[8363.289 (CEST,GMT+2) 2012-08-23 12:19:17.085 'Europe/Helsinki'] [timed(sb),15589] DEBUG at state.cpp:164 in virtual void abstract_gate_state_t::open():
[8363.289 (CEST,GMT+2) 2012-08-23 12:19:17.085 'Europe/Helsinki'] [timed(sb),15589] -- events.empty()=1
[8363.289 (CEST,GMT+2) 2012-08-23 12:19:17.085 'Europe/Helsinki'] [timed(sb),15589] DEBUG: at state.cpp:167 in virtual void abstract_gate_state_t::open()
[8363.289 (CEST,GMT+2) 2012-08-23 12:19:17.085 'Europe/Helsinki'] [timed(sb),15589] DEBUG: at machine.cpp:187 in machine_t::machine_t(const Timed*)
[8363.289 (CEST,GMT+2) 2012-08-23 12:19:17.085 'Europe/Helsinki'] [timed(sb),15589] DEBUG: at machine.cpp:191 in machine_t::machine_t(const Timed*)
[8363.290 (CEST,GMT+2) 2012-08-23 12:19:17.086 'Europe/Helsinki'] [timed(sb),15589] DEBUG: at machine.cpp:193 in machine_t::machine_t(const Timed*)
[8363.290 (CEST,GMT+2) 2012-08-23 12:19:17.086 'Europe/Helsinki'] [timed(sb),15589] DEBUG at machine.cpp:195 in machine_t::machine_t(const Timed*):
[8363.290 (CEST,GMT+2) 2012-08-23 12:19:17.086 'Europe/Helsinki'] [timed(sb),15589] -- last line
[8363.292 (CEST,GMT+2) 2012-08-23 12:19:17.088 'Europe/Helsinki'] [timed(sb),15589] DEBUG at timed.cpp:446 in void Timed::init_create_event_machine():
[8363.292 (CEST,GMT+2) 2012-08-23 12:19:17.088 'Europe/Helsinki'] [timed(sb),15589] -- am=new machine done
[8363.293 (CEST,GMT+2) 2012-08-23 12:19:17.089 'Europe/Helsinki'] [timed(sb),15589] DEBUG: at timed.cpp:118 in Timed::Timed(int, char**)
[8363.406 (CEST,GMT+2) 2012-08-23 12:19:17.202 'Europe/Helsinki'] [timed(sb),15589] NOTICE: MODE: running in USER mode
[8363.406 (CEST,GMT+2) 2012-08-23 12:19:17.202 'Europe/Helsinki'] [timed(sb),15589] DEBUG: at state.cpp:159 in virtual void abstract_gate_state_t::open()
[8363.406 (CEST,GMT+2) 2012-08-23 12:19:17.202 'Europe/Helsinki'] [timed(sb),15589] DEBUG: at state.cpp:161 in virtual void abstract_gate_state_t::open()
[8363.406 (CEST,GMT+2) 2012-08-23 12:19:17.202 'Europe/Helsinki'] [timed(sb),15589] DEBUG at state.cpp:164 in virtual void abstract_gate_state_t::open():
[8363.406 (CEST,GMT+2) 2012-08-23 12:19:17.202 'Europe/Helsinki'] [timed(sb),15589] -- events.empty()=1
[8363.407 (CEST,GMT+2) 2012-08-23 12:19:17.203 'Europe/Helsinki'] [timed(sb),15589] DEBUG: at state.cpp:167 in virtual void abstract_gate_state_t::open()
[8363.407 (CEST,GMT+2) 2012-08-23 12:19:17.203 'Europe/Helsinki'] [timed(sb),15589] INFO at machine.cpp:230 in void machine_t::device_mode_detected(bool):
[8363.407 (CEST,GMT+2) 2012-08-23 12:19:17.203 'Europe/Helsinki'] [timed(sb),15589] -- device_mode_detected: USER
[8363.407 (CEST,GMT+2) 2012-08-23 12:19:17.203 'Europe/Helsinki'] [timed(sb),15589] NOTICE: unfreezing event machine
[8363.407 (CEST,GMT+2) 2012-08-23 12:19:17.203 'Europe/Helsinki'] [timed(sb),15589] DEBUG: at state.cpp:159 in virtual void abstract_gate_state_t::open()
[8363.408 (CEST,GMT+2) 2012-08-23 12:19:17.203 'Europe/Helsinki'] [timed(sb),15589] DEBUG: at state.cpp:161 in virtual void abstract_gate_state_t::open()
[8363.408 (CEST,GMT+2) 2012-08-23 12:19:17.204 'Europe/Helsinki'] [timed(sb),15589] DEBUG at state.cpp:164 in virtual void abstract_gate_state_t::open():
[8363.408 (CEST,GMT+2) 2012-08-23 12:19:17.204 'Europe/Helsinki'] [timed(sb),15589] -- events.empty()=1
[8363.408 (CEST,GMT+2) 2012-08-23 12:19:17.204 'Europe/Helsinki'] [timed(sb),15589] DEBUG: at state.cpp:167 in virtual void abstract_gate_state_t::open()
[8363.408 (CEST,GMT+2) 2012-08-23 12:19:17.204 'Europe/Helsinki'] [timed(sb),15589] DEBUG: at machine.cpp:385 in void machine_t::send_bootup_signal()
[8363.409 (CEST,GMT+2) 2012-08-23 12:19:17.204 'Europe/Helsinki'] [timed(sb),15589] DEBUG at machine.cpp:395 in void machine_t::send_bootup_signal():
[8363.409 (CEST,GMT+2) 2012-08-23 12:19:17.204 'Europe/Helsinki'] [timed(sb),15589] -- signalled_bootup=-1, next_bootup=0
[8363.409 (CEST,GMT+2) 2012-08-23 12:19:17.205 'Europe/Helsinki'] [timed(sb),15589] DEBUG: at machine.cpp:398 in void machine_t::send_bootup_signal()
[8363.410 (CEST,GMT+2) 2012-08-23 12:19:17.206 'Europe/Helsinki'] [timed(sb),15589] DEBUG: at timed.cpp:121 in Timed::Timed(int, char**)
[8363.436 (CEST,GMT+2) 2012-08-23 12:19:17.232 'Europe/Helsinki'] [timed(sb),15589] DEBUG at timed.cpp:519 in void Timed::init_context_objects():
[8363.436 (CEST,GMT+2) 2012-08-23 12:19:17.232 'Europe/Helsinki'] [timed(sb),15589] -- (new ContextProvider::Service(Maemo::Timed::bus()))->setAsDefault()
[8363.504 (CEST,GMT+2) 2012-08-23 12:19:17.300 'Europe/Helsinki'] [timed(sb),15589] DEBUG: at timed.cpp:124 in Timed::Timed(int, char**)
[8363.505 (CEST,GMT+2) 2012-08-23 12:19:17.301 'Europe/Helsinki'] [timed(sb),15589] INFO at timed.cpp:539 in void Timed::init_backup_object():
[8363.505 (CEST,GMT+2) 2012-08-23 12:19:17.301 'Europe/Helsinki'] [timed(sb),15589] -- backup interface object registered on path '/com/nokia/timed/backup'
[8363.505 (CEST,GMT+2) 2012-08-23 12:19:17.301 'Europe/Helsinki'] [timed(sb),15589] DEBUG: at timed.cpp:127 in Timed::Timed(int, char**)
[8363.506 (CEST,GMT+2) 2012-08-23 12:19:17.302 'Europe/Helsinki'] [timed(sb),15589] INFO at timed.cpp:553 in void Timed::init_main_interface_object():
[8363.506 (CEST,GMT+2) 2012-08-23 12:19:17.302 'Europe/Helsinki'] [timed(sb),15589] -- main interface object registered on path '/com/nokia/time'
[8363.507 (CEST,GMT+2) 2012-08-23 12:19:17.303 'Europe/Helsinki'] [timed(sb),15589] DEBUG: at timed.cpp:130 in Timed::Timed(int, char**)
[8363.527 (CEST,GMT+2) 2012-08-23 12:19:17.322 'Europe/Helsinki'] [timed(sb),15589] INFO at timed.cpp:572 in void Timed::init_backup_dbus_name():
[8363.527 (CEST,GMT+2) 2012-08-23 12:19:17.322 'Europe/Helsinki'] [timed(sb),15589] -- service name 'com.nokia.timed.backup' registered on bus 'qt_default_system_bus'
[8363.527 (CEST,GMT+2) 2012-08-23 12:19:17.323 'Europe/Helsinki'] [timed(sb),15589] DEBUG: at timed.cpp:133 in Timed::Timed(int, char**)
[8363.542 (CEST,GMT+2) 2012-08-23 12:19:17.338 'Europe/Helsinki'] [timed(sb),15589] INFO at timed.cpp:589 in void Timed::init_main_interface_dbus_name():
[8363.542 (CEST,GMT+2) 2012-08-23 12:19:17.338 'Europe/Helsinki'] [timed(sb),15589] -- service name 'com.nokia.time' registered on bus 'qt_default_system_bus'
[8363.542 (CEST,GMT+2) 2012-08-23 12:19:17.338 'Europe/Helsinki'] [timed(sb),15589] DEBUG: at timed.cpp:136 in Timed::Timed(int, char**)
[8363.586 (CEST,GMT+2) 2012-08-23 12:19:17.382 'Europe/Helsinki'] [timed(sb),15589] DEBUG: at timed.cpp:139 in Timed::Timed(int, char**)
[8363.591 (CEST,GMT+2) 2012-08-23 12:19:17.387 'Europe/Helsinki'] [timed(sb),15589] WARNING: can't read '/var/cache/timed/aegis/events.data': No such file or directory
[8363.591 (CEST,GMT+2) 2012-08-23 12:19:17.387 'Europe/Helsinki'] [timed(sb),15589] WARNING: can't read '/var/cache/timed/aegis/events.data.bak': No such file or directory
[8363.600 (CEST,GMT+2) 2012-08-23 12:19:17.396 'Europe/Helsinki'] [timed(sb),15589] INFO at storage.cpp:161 in iodata::record* iodata::storage::load():
[8363.600 (CEST,GMT+2) 2012-08-23 12:19:17.396 'Europe/Helsinki'] [timed(sb),15589] -- using default values for data in '/var/cache/timed/aegis/events.data'
[8363.600 (CEST,GMT+2) 2012-08-23 12:19:17.396 'Europe/Helsinki'] [timed(sb),15589] DEBUG: at timed.cpp:142 in Timed::Timed(int, char**)
[8363.601 (CEST,GMT+2) 2012-08-23 12:19:17.397 'Europe/Helsinki'] [timed(sb),15589] NOTICE: opening file '/usr/share/tzdata-timed/country-by-mcc.data', reading record of type 'mcc_to_xy_t'
[8363.660 (CEST,GMT+2) 2012-08-23 12:19:17.456 'Europe/Helsinki'] [timed(sb),15589] DEBUG: at storage.cpp:118 in iodata::record* iodata::storage::load()
[8363.663 (CEST,GMT+2) 2012-08-23 12:19:17.459 'Europe/Helsinki'] [timed(sb),15589] DEBUG: at storage.cpp:120 in iodata::record* iodata::storage::load()
[8363.663 (CEST,GMT+2) 2012-08-23 12:19:17.459 'Europe/Helsinki'] [timed(sb),15589] INFO at storage.cpp:133 in iodata::record* iodata::storage::load():
[8363.663 (CEST,GMT+2) 2012-08-23 12:19:17.459 'Europe/Helsinki'] [timed(sb),15589] -- read data from '/usr/share/tzdata-timed/country-by-mcc.data'
[8363.663 (CEST,GMT+2) 2012-08-23 12:19:17.459 'Europe/Helsinki'] [timed(sb),15589] NOTICE: opening file '/usr/share/tzdata-timed/single.data', reading record of type 'tz_single_t'
[8363.711 (CEST,GMT+2) 2012-08-23 12:19:17.507 'Europe/Helsinki'] [timed(sb),15589] DEBUG: at storage.cpp:118 in iodata::record* iodata::storage::load()
[8363.723 (CEST,GMT+2) 2012-08-23 12:19:17.519 'Europe/Helsinki'] [timed(sb),15589] DEBUG: at storage.cpp:120 in iodata::record* iodata::storage::load()
[8363.723 (CEST,GMT+2) 2012-08-23 12:19:17.519 'Europe/Helsinki'] [timed(sb),15589] INFO at storage.cpp:133 in iodata::record* iodata::storage::load():
[8363.723 (CEST,GMT+2) 2012-08-23 12:19:17.519 'Europe/Helsinki'] [timed(sb),15589] -- read data from '/usr/share/tzdata-timed/single.data'
[8363.724 (CEST,GMT+2) 2012-08-23 12:19:17.520 'Europe/Helsinki'] [timed(sb),15589] NOTICE: opening file '/usr/share/tzdata-timed/zones-by-country.data', reading record of type 'zones_by_country_t'
[8363.729 (CEST,GMT+2) 2012-08-23 12:19:17.525 'Europe/Helsinki'] [timed(sb),15589] DEBUG: at storage.cpp:118 in iodata::record* iodata::storage::load()
[8363.730 (CEST,GMT+2) 2012-08-23 12:19:17.526 'Europe/Helsinki'] [timed(sb),15589] DEBUG: at storage.cpp:120 in iodata::record* iodata::storage::load()
[8363.730 (CEST,GMT+2) 2012-08-23 12:19:17.526 'Europe/Helsinki'] [timed(sb),15589] INFO at storage.cpp:133 in iodata::record* iodata::storage::load():
[8363.730 (CEST,GMT+2) 2012-08-23 12:19:17.526 'Europe/Helsinki'] [timed(sb),15589] -- read data from '/usr/share/tzdata-timed/zones-by-country.data'
[8363.894 (CEST,GMT+2) 2012-08-23 12:19:17.690 'Europe/Helsinki'] [timed(sb),15589] INFO at csd.cpp:48 in csd_t::csd_t(Timed*):
[8363.894 (CEST,GMT+2) 2012-08-23 12:19:17.690 'Europe/Helsinki'] [timed(sb),15589] -- succesfully connected to csd time signals
[8363.894 (CEST,GMT+2) 2012-08-23 12:19:17.690 'Europe/Helsinki'] [timed(sb),15589] INFO at csd.cpp:56 in csd_t::csd_t(Timed*):
[8363.894 (CEST,GMT+2) 2012-08-23 12:19:17.690 'Europe/Helsinki'] [timed(sb),15589] -- succesfully connected to csd network operator signal
[8363.906 (CEST,GMT+2) 2012-08-23 12:19:17.701 'Europe/Helsinki'] [timed(sb),15589] DEBUG: at timed.cpp:145 in Timed::Timed(int, char**)
[8364.097 (CEST,GMT+2) 2012-08-23 12:19:17.893 'Europe/Helsinki'] [timed(sb),15589] DEBUG: at timed.cpp:148 in Timed::Timed(int, char**)
[8364.097 (CEST,GMT+2) 2012-08-23 12:19:17.893 'Europe/Helsinki'] [timed(sb),15589] DEBUG: at timed.cpp:689 in void Timed::init_dst_checker()
[8364.098 (CEST,GMT+2) 2012-08-23 12:19:17.893 'Europe/Helsinki'] [timed(sb),15589] DEBUG at timed.cpp:152 in Timed::Timed(int, char**):
[8364.098 (CEST,GMT+2) 2012-08-23 12:19:17.893 'Europe/Helsinki'] [timed(sb),15589] -- starting event mahine
[8364.098 (CEST,GMT+2) 2012-08-23 12:19:17.894 'Europe/Helsinki'] [timed(sb),15589] CRITICAL ERROR: can't fix the primary settings file
[8364.098 (CEST,GMT+2) 2012-08-23 12:19:17.894 'Europe/Helsinki'] [timed(sb),15589] CRITICAL ERROR: can't fix the primary event queue file
[8364.098 (CEST,GMT+2) 2012-08-23 12:19:17.894 'Europe/Helsinki'] [timed(sb),15589] DEBUG: at machine.cpp:327 in void machine_t::update_rtc_alarm()
[8364.099 (CEST,GMT+2) 2012-08-23 12:19:17.895 'Europe/Helsinki'] [timed(sb),15589] DEBUG at machine.cpp:351 in void machine_t::update_rtc_alarm():
[8364.099 (CEST,GMT+2) 2012-08-23 12:19:17.895 'Europe/Helsinki'] [timed(sb),15589] -- rtc.enabled=0
[8364.099 (CEST,GMT+2) 2012-08-23 12:19:17.895 'Europe/Helsinki'] [timed(sb),15589] ERROR: Can't open real time clock: Permission denied
[8364.099 (CEST,GMT+2) 2012-08-23 12:19:17.895 'Europe/Helsinki'] [timed(sb),15589] DEBUG: at machine.cpp:385 in void machine_t::send_bootup_signal()
[8364.099 (CEST,GMT+2) 2012-08-23 12:19:17.895 'Europe/Helsinki'] [timed(sb),15589] DEBUG at machine.cpp:395 in void machine_t::send_bootup_signal():
[8364.099 (CEST,GMT+2) 2012-08-23 12:19:17.895 'Europe/Helsinki'] [timed(sb),15589] -- signalled_bootup=0, next_bootup=0
[8364.100 (CEST,GMT+2) 2012-08-23 12:19:17.896 'Europe/Helsinki'] [timed(sb),15589] DEBUG: at machine.cpp:398 in void machine_t::send_bootup_signal()
[8364.100 (CEST,GMT+2) 2012-08-23 12:19:17.896 'Europe/Helsinki'] [timed(sb),15589] DEBUG at state.cpp:328 in void state_queued_t::engine_pause(int):
[8364.100 (CEST,GMT+2) 2012-08-23 12:19:17.896 'Europe/Helsinki'] [timed(sb),15589] -- dx=-1, current pause value: '1', new value will be 0
[8364.100 (CEST,GMT+2) 2012-08-23 12:19:17.896 'Europe/Helsinki'] [timed(sb),15589] NOTICE: go to sleep, no alarm queued
[8364.101 (CEST,GMT+2) 2012-08-23 12:19:17.897 'Europe/Helsinki'] [timed(sb),15589] DEBUG: at machine.cpp:327 in void machine_t::update_rtc_alarm()
[8364.102 (CEST,GMT+2) 2012-08-23 12:19:17.898 'Europe/Helsinki'] [timed(sb),15589] DEBUG at machine.cpp:351 in void machine_t::update_rtc_alarm():
[8364.102 (CEST,GMT+2) 2012-08-23 12:19:17.898 'Europe/Helsinki'] [timed(sb),15589] -- rtc.enabled=0
[8364.102 (CEST,GMT+2) 2012-08-23 12:19:17.898 'Europe/Helsinki'] [timed(sb),15589] ERROR: Can't open real time clock: Permission denied
[8364.102 (CEST,GMT+2) 2012-08-23 12:19:17.898 'Europe/Helsinki'] [timed(sb),15589] DEBUG: at machine.cpp:385 in void machine_t::send_bootup_signal()
[8364.102 (CEST,GMT+2) 2012-08-23 12:19:17.898 'Europe/Helsinki'] [timed(sb),15589] DEBUG at machine.cpp:395 in void machine_t::send_bootup_signal():
[8364.102 (CEST,GMT+2) 2012-08-23 12:19:17.898 'Europe/Helsinki'] [timed(sb),15589] -- signalled_bootup=0, next_bootup=0
[8364.103 (CEST,GMT+2) 2012-08-23 12:19:17.899 'Europe/Helsinki'] [timed(sb),15589] DEBUG: at machine.cpp:398 in void machine_t::send_bootup_signal()
[8364.103 (CEST,GMT+2) 2012-08-23 12:19:17.899 'Europe/Helsinki'] [timed(sb),15589] DEBUG: at timed.cpp:155 in Timed::Timed(int, char**)
[8364.103 (CEST,GMT+2) 2012-08-23 12:19:17.899 'Europe/Helsinki'] [timed(sb),15589] DEBUG at timed.cpp:157 in Timed::Timed(int, char**):
[8364.103 (CEST,GMT+2) 2012-08-23 12:19:17.899 'Europe/Helsinki'] [timed(sb),15589] -- applying time zone settings
[8364.103 (CEST,GMT+2) 2012-08-23 12:19:17.899 'Europe/Helsinki'] [timed(sb),15589] DEBUG: at settings.cpp:416 in void source_settings::postload_fix_manual_zone()
[8364.104 (CEST,GMT+2) 2012-08-23 12:19:17.900 'Europe/Helsinki'] [timed(sb),15589] DEBUG: at settings.cpp:431 in void source_settings::postload_fix_manual_zone()
[8364.104 (CEST,GMT+2) 2012-08-23 12:19:17.900 'Europe/Helsinki'] [timed(sb),15589] DEBUG: at timed.cpp:160 in Timed::Timed(int, char**)
[8364.105 (CEST,GMT+2) 2012-08-23 12:19:17.901 'Europe/Helsinki'] [timed(sb),15589] DEBUG: at notification.cpp:37 in void kernel_notification_t::start()
[8364.105 (CEST,GMT+2) 2012-08-23 12:19:17.901 'Europe/Helsinki'] [timed(sb),15589] ERROR: timerfd_create failed: Function not implemented
[8364.105 (CEST,GMT+2) 2012-08-23 12:19:17.901 'Europe/Helsinki'] [timed(sb),15589] NOTICE: kernel system time change notification not available
[8364.105 (CEST,GMT+2) 2012-08-23 12:19:17.901 'Europe/Helsinki'] [timed(sb),15589] WARNING: can't start kernel system time change notification (fd=-1)
[8364.106 (CEST,GMT+2) 2012-08-23 12:19:17.902 'Europe/Helsinki'] [timed(sb),15589] INFO at timed.cpp:164 in Timed::Timed(int, char**):
[8364.106 (CEST,GMT+2) 2012-08-23 12:19:17.902 'Europe/Helsinki'] [timed(sb),15589] -- daemon is up and running
[8364.113 (CEST,GMT+2) 2012-08-23 12:19:17.909 'Europe/Helsinki'] [timed(sb),15589] NOTICE: CSD::csd_operator_q {mcc='', mnc=''}
[8364.114 (CEST,GMT+2) 2012-08-23 12:19:17.910 'Europe/Helsinki'] [timed(sb),15589] DEBUG at tz.cpp:528 in void tz_oracle_t::cellular_operator(const cellular_operator_t&):
[8364.114 (CEST,GMT+2) 2012-08-23 12:19:17.910 'Europe/Helsinki'] [timed(sb),15589] -- o={mcc='', mnc=''}, empty=1, same=1, same_country=0
[8364.114 (CEST,GMT+2) 2012-08-23 12:19:17.910 'Europe/Helsinki'] [timed(sb),15589] DEBUG at tz.cpp:531 in void tz_oracle_t::cellular_operator(const cellular_operator_t&):
[8364.114 (CEST,GMT+2) 2012-08-23 12:19:17.910 'Europe/Helsinki'] [timed(sb),15589] -- empty operator
[8364.115 (CEST,GMT+2) 2012-08-23 12:19:17.910 'Europe/Helsinki'] [timed(sb),15589] DEBUG: at state.cpp:175 in virtual void abstract_concentrating_state_t::open()
[8364.115 (CEST,GMT+2) 2012-08-23 12:19:17.911 'Europe/Helsinki'] [timed(sb),15589] DEBUG: at state.cpp:180 in virtual void abstract_concentrating_state_t::open()
[8364.116 (CEST,GMT+2) 2012-08-23 12:19:17.912 'Europe/Helsinki'] [timed(sb),15589] NOTICE: CSD::csd_time_q {invalid}
[8364.116 (CEST,GMT+2) 2012-08-23 12:19:17.912 'Europe/Helsinki'] [timed(sb),15589] NOTICE: empty time info, ignoring it
[8366.838 (CEST,GMT+2) 2012-08-23 12:19:20.634 'Europe/Helsinki'] [timed(sb),15589] NOTICE: DBUS::com.nokia.time.get_wall_clock_info() by PEER:::1.20 
[8366.841 (CEST,GMT+2) 2012-08-23 12:19:20.637 'Europe/Helsinki'] [timed(sb),15589] DEBUG at settings.cpp:242 in Maemo::Timed::WallClock::wall_info_pimple_t* source_settings::get_wall_clock_info(const nanotime_t&) const:
[8366.841 (CEST,GMT+2) 2012-08-23 12:19:20.637 'Europe/Helsinki'] [timed(sb),15589] -- back=N/A
[8366.854 (CEST,GMT+2) 2012-08-23 12:19:20.650 'Europe/Helsinki'] [timed(sb),15589] NOTICE: PEER:::1.20 ERROR: [name='org.freedesktop.DBus.Error.UnixProcessIdUnknown', message='Could not determine PID for ':1.20'', type=1]
[8369.637 (CEST,GMT+2) 2012-08-23 12:19:23.433 'Europe/Helsinki'] [timed(sb),15589] NOTICE: DBUS::com.nokia.time.get_wall_clock_info() by PEER:::1.25 
[8369.638 (CEST,GMT+2) 2012-08-23 12:19:23.434 'Europe/Helsinki'] [timed(sb),15589] DEBUG at settings.cpp:242 in Maemo::Timed::WallClock::wall_info_pimple_t* source_settings::get_wall_clock_info(const nanotime_t&) const:
[8369.638 (CEST,GMT+2) 2012-08-23 12:19:23.434 'Europe/Helsinki'] [timed(sb),15589] -- back=N/A
[8369.640 (CEST,GMT+2) 2012-08-23 12:19:23.436 'Europe/Helsinki'] [timed(sb),15589] NOTICE: PEER:::1.25 ERROR: [name='org.freedesktop.DBus.Error.UnixProcessIdUnknown', message='Could not determine PID for ':1.25'', type=1]
[42708.356 (CEST,GMT+2) 2012-08-23 21:51:42.152 'Europe/Helsinki'] [timed(sb),15589] INFO at timed.cpp:1002 in void Timed::unix_signal(int):
[42708.356 (CEST,GMT+2) 2012-08-23 21:51:42.152 'Europe/Helsinki'] [timed(sb),15589] -- Termination signal... bye
[42708.664 (CEST,GMT+2) 2012-08-23 21:51:42.460 'Europe/Helsinki'] [timed(sb),15589] DEBUG: at machine.cpp:200 in virtual machine_t::~machine_t()
[42708.664 (CEST,GMT+2) 2012-08-23 21:51:42.460 'Europe/Helsinki'] [timed(sb),15589] NOTICE: deleting events
[42708.664 (CEST,GMT+2) 2012-08-23 21:51:42.460 'Europe/Helsinki'] [timed(sb),15589] NOTICE: deleting clusters
[42708.665 (CEST,GMT+2) 2012-08-23 21:51:42.461 'Europe/Helsinki'] [timed(sb),15589] NOTICE: deleting states
[42708.667 (CEST,GMT+2) 2012-08-23 21:51:42.463 'Europe/Helsinki'] [timed(sb),15589] DEBUG: at machine.cpp:214 in virtual machine_t::~machine_t()
[42708.672 (CEST,GMT+2) 2012-08-23 21:51:42.468 'Europe/Helsinki'] [timed(sb),15589] DEBUG: at timed.cpp:729 in void Timed::stop_stuff()
[42708.672 (CEST,GMT+2) 2012-08-23 21:51:42.468 'Europe/Helsinki'] [timed(sb),15589] DEBUG: at timed.cpp:731 in void Timed::stop_stuff()
[42708.673 (CEST,GMT+2) 2012-08-23 21:51:42.468 'Europe/Helsinki'] [timed(sb),15589] DEBUG: at timed.cpp:733 in void Timed::stop_stuff()
[42708.673 (CEST,GMT+2) 2012-08-23 21:51:42.469 'Europe/Helsinki'] [timed(sb),15589] DEBUG: at timed.cpp:735 in void Timed::stop_stuff()
[42708.674 (CEST,GMT+2) 2012-08-23 21:51:42.469 'Europe/Helsinki'] [timed(sb),15589] DEBUG: at timed.cpp:737 in void Timed::stop_stuff()
[42708.674 (CEST,GMT+2) 2012-08-23 21:51:42.470 'Europe/Helsinki'] [timed(sb),15589] DEBUG: at timed.cpp:739 in void Timed::stop_stuff()
[42708.674 (CEST,GMT+2) 2012-08-23 21:51:42.470 'Europe/Helsinki'] [timed(sb),15589] DEBUG: at timed.cpp:741 in void Timed::stop_stuff()
[42708.674 (CEST,GMT+2) 2012-08-23 21:51:42.470 'Europe/Helsinki'] [timed(sb),15589] DEBUG: at timed.cpp:743 in void Timed::stop_stuff()
[42708.675 (CEST,GMT+2) 2012-08-23 21:51:42.470 'Europe/Helsinki'] [timed(sb),15589] DEBUG: at timed.cpp:745 in void Timed::stop_stuff()
[42708.675 (CEST,GMT+2) 2012-08-23 21:51:42.471 'Europe/Helsinki'] [timed(sb),15589] DEBUG: at timed.cpp:747 in void Timed::stop_stuff()
[42708.675 (CEST,GMT+2) 2012-08-23 21:51:42.471 'Europe/Helsinki'] [timed(sb),15589] DEBUG: at timed.cpp:749 in void Timed::stop_stuff()
[42708.675 (CEST,GMT+2) 2012-08-23 21:51:42.471 'Europe/Helsinki'] [timed(sb),15589] NOTICE: stop_stuff() DONE
[42709.106 (CEST,GMT+2) 2012-08-23 21:51:42.902 'Europe/Helsinki'] [timed(sb),15589] DEBUG at olson.cpp:90 in static void olson::destructor():
[42709.106 (CEST,GMT+2) 2012-08-23 21:51:42.902 'Europe/Helsinki'] [timed(sb),15589] -- zonetab=0xe01c8
